<?xml version="1.0" encoding="UTF-8"?>
<!-- Generated by org.testng.reporters.JUnitXMLReporter -->
<testsuite hostname="DESKTOP-D6FQT73" ignored="0" name="Test" tests="9" failures="0" timestamp="2022-12-29T19:09:13 IST" time="0.263" errors="0">
  <testcase name="tc01" time="0.014" classname="TestNgSuite.Test001"/>
  <testcase name="tc02" time="0.004" classname="TestNgSuite.Test001"/>
  <testcase name="tc03" time="0.005" classname="TestNgSuite.Test001"/>
  <testcase name="tc04" time="0.002" classname="TestNgSuite.Test002"/>
  <testcase name="tc05" time="0.002" classname="TestNgSuite.Test002"/>
  <testcase name="tc06" time="0.004" classname="TestNgSuite.Test002"/>
  <testcase name="tc07" time="0.004" classname="TestNgSuite.Test003"/>
  <testcase name="tc08" time="0.106" classname="TestNgSuite.Test003"/>
  <testcase name="tc09" time="0.009" classname="TestNgSuite.Test003"/>
</testsuite> <!-- Test -->
