<?xml version="1.0" encoding="UTF-8"?>
<!-- Generated by org.testng.reporters.JUnitXMLReporter -->
<testsuite hostname="DESKTOP-D6FQT73" ignored="6" name="Test(failed)" tests="3" failures="3" timestamp="2023-01-05T16:46:28 IST" time="0.122" errors="0">
  <testcase name="tc05" time="0.02" classname="TestNgSuite.Test005Group">
    <failure type="java.lang.AssertionError" message="null">
      <![CDATA[java.lang.AssertionError: null
at TestNgSuite.Test005Group.tc05(Test005Group.java:20)
at java.util.ArrayList.forEach(Unknown Source)
... Removed 29 stack frames]]>
    </failure>
  </testcase> <!-- tc05 -->
  <testcase name="tc02" time="0.001" classname="TestNgSuite.Test004Group">
    <failure type="java.lang.AssertionError" message="null">
      <![CDATA[java.lang.AssertionError: null
at TestNgSuite.Test004Group.tc02(Test004Group.java:19)
at java.util.ArrayList.forEach(Unknown Source)
... Removed 29 stack frames]]>
    </failure>
  </testcase> <!-- tc02 -->
  <testcase name="tc07" time="0.005" classname="TestNgSuite.Test006Group">
    <failure type="java.lang.AssertionError" message="null">
      <![CDATA[java.lang.AssertionError: null
at TestNgSuite.Test006Group.tc07(Test006Group.java:13)
at java.util.ArrayList.forEach(Unknown Source)
... Removed 29 stack frames]]>
    </failure>
  </testcase> <!-- tc07 -->
  <testcase name="tc06" time="0.0" classname="TestNgSuite.Test005Group">
    <ignored/>
  </testcase> <!-- tc06 -->
  <testcase name="tc08" time="0.0" classname="TestNgSuite.Test006Group">
    <ignored/>
  </testcase> <!-- tc08 -->
  <testcase name="tc01" time="0.0" classname="TestNgSuite.Test004Group">
    <ignored/>
  </testcase> <!-- tc01 -->
  <testcase name="tc09" time="0.0" classname="TestNgSuite.Test006Group">
    <ignored/>
  </testcase> <!-- tc09 -->
  <testcase name="tc03" time="0.0" classname="TestNgSuite.Test004Group">
    <ignored/>
  </testcase> <!-- tc03 -->
  <testcase name="tc04" time="0.0" classname="TestNgSuite.Test005Group">
    <ignored/>
  </testcase> <!-- tc04 -->
</testsuite> <!-- Test(failed) -->
