<?xml version="1.0" encoding="UTF-8"?>
<!-- Generated by org.testng.reporters.JUnitXMLReporter -->
<testsuite hostname="DESKTOP-D6FQT73" ignored="5" name="Test" tests="4" failures="0" timestamp="2022-12-28T09:29:25 IST" time="0.079" errors="0">
  <testcase name="tc01" time="0.012" classname="TestNgSuite.Test001"/>
  <testcase name="tc05" time="0.004" classname="TestNgSuite.Test002"/>
  <testcase name="tc06" time="0.0" classname="TestNgSuite.Test002"/>
  <testcase name="tc08" time="0.01" classname="TestNgSuite.Test003"/>
  <testcase name="tc02" time="0.0" classname="TestNgSuite.Test001">
    <ignored/>
  </testcase> <!-- tc02 -->
  <testcase name="tc03" time="0.0" classname="TestNgSuite.Test001">
    <ignored/>
  </testcase> <!-- tc03 -->
  <testcase name="tc04" time="0.0" classname="TestNgSuite.Test002">
    <ignored/>
  </testcase> <!-- tc04 -->
  <testcase name="tc09" time="0.0" classname="TestNgSuite.Test003">
    <ignored/>
  </testcase> <!-- tc09 -->
  <testcase name="tc07" time="0.0" classname="TestNgSuite.Test003">
    <ignored/>
  </testcase> <!-- tc07 -->
</testsuite> <!-- Test -->
