<?xml version="1.0" encoding="UTF-8"?>
<testng-results skipped="0" failed="0" ignored="0" total="1" passed="1">
  <reporter-output>
    <line>
      <![CDATA[Test case executed]]>
    </line>
  </reporter-output>
  <suite name="Suite" duration-ms="5978" started-at="2023-06-23T12:00:45 IST" finished-at="2023-06-23T12:00:51 IST">
    <groups>
    </groups>
    <test name="Test" duration-ms="5978" started-at="2023-06-23T12:00:45 IST" finished-at="2023-06-23T12:00:51 IST">
      <class name="TestNgSuite.Parallel">
        <test-method status="PASS" signature="M1(java.lang.String)[pri:0, instance:TestNgSuite.Parallel@7e2d773b]" name="M1" duration-ms="5923" started-at="2023-06-23T12:00:45 IST" finished-at="2023-06-23T12:00:51 IST">
          <params>
            <param index="0">
              <value>
                <![CDATA[chrome]]>
              </value>
            </param>
          </params>
          <reporter-output>
            <line>
              <![CDATA[Test case executed]]>
            </line>
          </reporter-output>
        </test-method> <!-- M1 -->
      </class> <!-- TestNgSuite.Parallel -->
    </test> <!-- Test -->
  </suite> <!-- Suite -->
</testng-results>
